0 info it worked if it ends with ok
1 verbose cli [ 'node', '/usr/local/bin/npm', 'install', '-g', 'n' ]
2 info using npm@2.11.2
3 info using node@v0.12.5
4 verbose install initial load of /usr/local/lib/package.json
5 verbose readDependencies loading dependencies from /usr/local/lib/package.json
6 silly cache add args [ 'n', null ]
7 verbose cache add spec n
8 silly cache add parsed spec { raw: 'n',
8 silly cache add   scope: null,
8 silly cache add   name: 'n',
8 silly cache add   rawSpec: '',
8 silly cache add   spec: '*',
8 silly cache add   type: 'range' }
9 silly addNamed n@*
10 verbose addNamed "*" is a valid semver range for n
11 silly addNameRange { name: 'n', range: '*', hasData: false }
12 silly mapToRegistry name n
13 silly mapToRegistry using default registry
14 silly mapToRegistry registry https://registry.npmjs.org/
15 silly mapToRegistry uri https://registry.npmjs.org/n
16 verbose addNameRange registry:https://registry.npmjs.org/n not in flight; fetching
17 verbose request uri https://registry.npmjs.org/n
18 verbose request no auth needed
19 info attempt registry request try #1 at 10:09:59 AM
20 verbose request id 00e71b89f503c832
21 http request GET https://registry.npmjs.org/n
22 http 200 https://registry.npmjs.org/n
23 silly get cb [ 200,
23 silly get   { server: 'CouchDB/1.5.0 (Erlang OTP/R16B03)',
23 silly get     etag: '"CJ6NQQBI4A28P7YHK31P2ILQK"',
23 silly get     'content-type': 'application/json',
23 silly get     'content-encoding': 'gzip',
23 silly get     'cache-control': 'max-age=300',
23 silly get     'content-length': '12124',
23 silly get     'accept-ranges': 'bytes',
23 silly get     date: 'Wed, 02 Nov 2016 03:09:59 GMT',
23 silly get     via: '1.1 varnish',
23 silly get     age: '129',
23 silly get     connection: 'keep-alive',
23 silly get     'x-served-by': 'cache-sin6920-SIN',
23 silly get     'x-cache': 'HIT',
23 silly get     'x-cache-hits': '1',
23 silly get     'x-timer': 'S1478056199.982284,VS0,VE0',
23 silly get     vary: 'Accept-Encoding' } ]
24 verbose get saving n to /Users/blis/.npm/registry.npmjs.org/n/.cache.json
25 verbose getCacheStat cache creation not in flight; initializing
26 silly addNameRange number 2 { name: 'n', range: '*', hasData: true }
27 silly addNameRange versions [ 'n',
27 silly addNameRange   [ '0.0.1',
27 silly addNameRange     '0.0.2',
27 silly addNameRange     '0.0.3',
27 silly addNameRange     '0.0.4',
27 silly addNameRange     '0.1.0',
27 silly addNameRange     '0.1.1',
27 silly addNameRange     '0.1.2',
27 silly addNameRange     '0.2.0',
27 silly addNameRange     '0.2.1',
27 silly addNameRange     '0.2.2',
27 silly addNameRange     '0.3.0',
27 silly addNameRange     '0.4.0',
27 silly addNameRange     '0.4.1',
27 silly addNameRange     '0.4.2',
27 silly addNameRange     '0.5.0',
27 silly addNameRange     '0.5.1',
27 silly addNameRange     '0.5.2',
27 silly addNameRange     '0.5.3',
27 silly addNameRange     '0.5.4',
27 silly addNameRange     '0.6.0',
27 silly addNameRange     '0.6.1',
27 silly addNameRange     '0.7.0',
27 silly addNameRange     '0.7.1',
27 silly addNameRange     '0.7.2',
27 silly addNameRange     '0.7.3',
27 silly addNameRange     '0.8.0',
27 silly addNameRange     '0.8.1',
27 silly addNameRange     '0.8.2',
27 silly addNameRange     '0.9.0',
27 silly addNameRange     '0.9.1',
27 silly addNameRange     '0.9.2',
27 silly addNameRange     '0.9.3',
27 silly addNameRange     '1.0.0',
27 silly addNameRange     '1.1.0',
27 silly addNameRange     '1.2.1',
27 silly addNameRange     '1.2.2',
27 silly addNameRange     '1.2.3',
27 silly addNameRange     '1.2.4',
27 silly addNameRange     '1.2.5',
27 silly addNameRange     '1.2.6',
27 silly addNameRange     '1.2.7',
27 silly addNameRange     '1.2.8',
27 silly addNameRange     '1.2.9',
27 silly addNameRange     '1.2.11',
27 silly addNameRange     '1.2.13',
27 silly addNameRange     '1.2.14',
27 silly addNameRange     '1.3.0',
27 silly addNameRange     '1.4.0',
27 silly addNameRange     '2.0.0',
27 silly addNameRange     '1.4.1',
27 silly addNameRange     '2.0.1',
27 silly addNameRange     '1.4.2',
27 silly addNameRange     '2.0.2',
27 silly addNameRange     '2.1.0',
27 silly addNameRange     '2.1.1',
27 silly addNameRange     '2.1.2',
27 silly addNameRange     '2.1.3',
27 silly addNameRange     '2.1.4' ] ]
28 silly addNamed n@2.1.4
29 verbose addNamed "2.1.4" is a plain semver version for n
30 silly mapToRegistry name n
31 silly mapToRegistry using default registry
32 silly mapToRegistry registry https://registry.npmjs.org/
33 silly mapToRegistry uri https://registry.npmjs.org/n
34 verbose addRemoteTarball https://registry.npmjs.org/n/-/n-2.1.4.tgz not in flight; adding
35 verbose addRemoteTarball [ 'https://registry.npmjs.org/n/-/n-2.1.4.tgz',
35 verbose addRemoteTarball   '7546bc467a120cc96718f2716cd86c43290f94c5' ]
36 info retry fetch attempt 1 at 10:10:00 AM
37 info attempt registry request try #1 at 10:10:00 AM
38 http fetch GET https://registry.npmjs.org/n/-/n-2.1.4.tgz
39 http fetch 200 https://registry.npmjs.org/n/-/n-2.1.4.tgz
40 silly fetchAndShaCheck shasum 7546bc467a120cc96718f2716cd86c43290f94c5
41 verbose addTmpTarball /var/folders/1n/s9qb6d9j64g5qpr6b9kqt4g80000gn/T/npm-1974-a2967ab8/registry.npmjs.org/n/-/n-2.1.4.tgz not in flight; adding
42 verbose addTmpTarball already have metadata; skipping unpack for n@2.1.4
43 silly cache afterAdd n@2.1.4
44 verbose afterAdd /Users/blis/.npm/n/2.1.4/package/package.json not in flight; writing
45 verbose afterAdd /Users/blis/.npm/n/2.1.4/package/package.json written
46 silly install resolved [ { name: 'n',
46 silly install resolved     description: 'Interactively Manage All Your Node Versions',
46 silly install resolved     version: '2.1.4',
46 silly install resolved     author: { name: 'TJ Holowaychuk', email: 'tj@vision-media.ca' },
46 silly install resolved     homepage: 'https://github.com/tj/n',
46 silly install resolved     bugs: { url: 'https://github.com/tj/n/issues' },
46 silly install resolved     contributors: [ [Object], [Object], [Object] ],
46 silly install resolved     keywords:
46 silly install resolved      [ 'nvm',
46 silly install resolved        'node',
46 silly install resolved        'version',
46 silly install resolved        'manager',
46 silly install resolved        'switcher',
46 silly install resolved        'node',
46 silly install resolved        'binary',
46 silly install resolved        'env' ],
46 silly install resolved     bin: { n: './bin/n' },
46 silly install resolved     repository: { type: 'git', url: 'git://github.com/tj/n.git' },
46 silly install resolved     preferGlobal: true,
46 silly install resolved     os: [ '!win32' ],
46 silly install resolved     engines: { node: '*' },
46 silly install resolved     license: 'MIT',
46 silly install resolved     gitHead: 'ff9ba303d972069903c0f951ece43f47adce24e8',
46 silly install resolved     _id: 'n@2.1.4',
46 silly install resolved     scripts: {},
46 silly install resolved     _shasum: '7546bc467a120cc96718f2716cd86c43290f94c5',
46 silly install resolved     _from: 'n@*',
46 silly install resolved     _npmVersion: '3.10.3',
46 silly install resolved     _nodeVersion: '6.3.1',
46 silly install resolved     _npmUser: { name: 'qw3rtman', email: 'me@nimit.io' },
46 silly install resolved     dist:
46 silly install resolved      { shasum: '7546bc467a120cc96718f2716cd86c43290f94c5',
46 silly install resolved        tarball: 'https://registry.npmjs.org/n/-/n-2.1.4.tgz' },
46 silly install resolved     maintainers: [ [Object], [Object], [Object], [Object], [Object], [Object] ],
46 silly install resolved     _npmOperationalInternal:
46 silly install resolved      { host: 'packages-16-east.internal.npmjs.com',
46 silly install resolved        tmp: 'tmp/n-2.1.4.tgz_1470600124670_0.21058935346081853' },
46 silly install resolved     directories: {},
46 silly install resolved     _resolved: 'https://registry.npmjs.org/n/-/n-2.1.4.tgz' } ]
47 info install n@2.1.4 into /usr/local/lib
48 info installOne n@2.1.4
49 verbose installOne of n to /usr/local/lib not in flight; installing
50 verbose lock using /Users/blis/.npm/_locks/n-a01478239d85533e.lock for /usr/local/lib/node_modules/n
51 silly install write writing n 2.1.4 to /usr/local/lib/node_modules/n
52 verbose unbuild lib/node_modules/n
53 info preuninstall n@2.1.4
54 info uninstall n@2.1.4
55 verbose unbuild rmStuff n@2.1.4 from /usr/local/lib/node_modules
56 silly gentlyRm /usr/local/bin/n is being gently removed
57 silly gentlyRm verifying /usr/local is an npm working directory
58 silly gentlyRm containing path /usr/local is under npm's control, in /usr/local
59 silly gentlyRm deletion target /usr/local/bin/n is under /usr/local
60 verbose gentlyRm vacuuming from /usr/local/bin/n up to /usr/local
61 silly vacuum-fs removing /usr/local/bin/n
62 silly vacuum-fs quitting because other entries in /usr/local/bin
63 info postuninstall n@2.1.4
64 silly gentlyRm /usr/local/lib/node_modules/n is being purged from base /usr/local
65 verbose gentlyRm don't care about contents; nuking /usr/local/lib/node_modules/n
66 silly vacuum-fs purging /usr/local/lib/node_modules/n
67 verbose unlock done using /Users/blis/.npm/_locks/n-a01478239d85533e.lock for /usr/local/lib/node_modules/n
68 verbose stack Error: EACCES, rmdir '/usr/local/lib/node_modules/n'
68 verbose stack     at Error (native)
69 verbose cwd /Users/blis/Desktop/battleship_socket
70 error Darwin 16.1.0
71 error argv "node" "/usr/local/bin/npm" "install" "-g" "n"
72 error node v0.12.5
73 error npm  v2.11.2
74 error path /usr/local/lib/node_modules/n
75 error code EACCES
76 error errno -13
77 error Error: EACCES, rmdir '/usr/local/lib/node_modules/n'
77 error     at Error (native)
77 error  { [Error: EACCES, rmdir '/usr/local/lib/node_modules/n']
77 error   errno: -13,
77 error   code: 'EACCES',
77 error   path: '/usr/local/lib/node_modules/n' }
78 error Please try running this command again as root/Administrator.
79 verbose exit [ -13, true ]
80 verbose unbuild lib/node_modules/n
81 info preuninstall n@2.1.4
82 info uninstall n@2.1.4
83 verbose unbuild rmStuff n@2.1.4 from /usr/local/lib/node_modules
84 silly gentlyRm /usr/local/bin/n is being gently removed
85 silly gentlyRm verifying /usr/local is an npm working directory
86 silly gentlyRm containing path /usr/local is under npm's control, in /usr/local
87 silly gentlyRm deletion target /usr/local/bin/n is under /usr/local
88 verbose gentlyRm vacuuming from /usr/local/bin/n up to /usr/local
89 info postuninstall n@2.1.4
90 silly gentlyRm /usr/local/lib/node_modules/n is being purged from base /usr/local
91 verbose gentlyRm don't care about contents; nuking /usr/local/lib/node_modules/n
92 silly vacuum-fs purging /usr/local/lib/node_modules/n
93 error error rolling back Error: EACCES, rmdir '/usr/local/lib/node_modules/n'
93 error error rolling back     at Error (native)
93 error error rolling back  { [Error: EACCES, rmdir '/usr/local/lib/node_modules/n']
93 error error rolling back   errno: -13,
93 error error rolling back   code: 'EACCES',
93 error error rolling back   path: '/usr/local/lib/node_modules/n' }
